[0.116s] DEBUG:colcon:Command line arguments: ['/usr/bin/colcon', 'build']
[0.116s] DEBUG:colcon:Parsed command line arguments: Namespace(log_base=None, log_level=None, verb_name='build', build_base='build', install_base='install', merge_install=False, symlink_install=False, test_result_base=None, continue_on_error=False, executor='parallel', parallel_workers=16, event_handlers=None, ignore_user_meta=False, metas=['./colcon.meta'], base_paths=['.'], packages_ignore=None, packages_ignore_regex=None, paths=None, packages_up_to=None, packages_up_to_regex=None, packages_above=None, packages_above_and_dependencies=None, packages_above_depth=None, packages_select_by_dep=None, packages_skip_by_dep=None, packages_skip_up_to=None, packages_select_build_failed=False, packages_skip_build_finished=False, packages_select_test_failures=False, packages_skip_test_passed=False, packages_select=None, packages_skip=None, packages_select_regex=None, packages_skip_regex=None, packages_start=None, packages_end=None, allow_overriding=[], cmake_args=None, cmake_target=None, cmake_target_skip_unavailable=False, cmake_clean_cache=False, cmake_clean_first=False, cmake_force_configure=False, ament_cmake_args=None, catkin_cmake_args=None, catkin_skip_building_tests=False, verb_parser=<colcon_defaults.argument_parser.defaults.DefaultArgumentsDecorator object at 0x7523ad7ba440>, verb_extension=<colcon_core.verb.build.BuildVerb object at 0x7523ad92be50>, main=<bound method BuildVerb.main of <colcon_core.verb.build.BuildVerb object at 0x7523ad92be50>>)
[0.156s] Level 1:colcon.colcon_core.package_discovery:discover_packages(colcon_meta) check parameters
[0.156s] Level 1:colcon.colcon_core.package_discovery:discover_packages(recursive) check parameters
[0.156s] Level 1:colcon.colcon_core.package_discovery:discover_packages(ignore) check parameters
[0.156s] Level 1:colcon.colcon_core.package_discovery:discover_packages(path) check parameters
[0.156s] Level 1:colcon.colcon_core.package_discovery:discover_packages(colcon_meta) discover
[0.156s] Level 1:colcon.colcon_core.package_discovery:discover_packages(recursive) discover
[0.156s] INFO:colcon.colcon_core.package_discovery:Crawling recursively for packages in '/home/dietrich/delta'
[0.156s] Level 1:colcon.colcon_core.package_identification:_identify(.) by extensions ['ignore', 'ignore_ament_install']
[0.156s] Level 1:colcon.colcon_core.package_identification:_identify(.) by extension 'ignore'
[0.157s] Level 1:colcon.colcon_core.package_identification:_identify(.) by extension 'ignore_ament_install'
[0.157s] Level 1:colcon.colcon_core.package_identification:_identify(.) by extensions ['colcon_pkg']
[0.157s] Level 1:colcon.colcon_core.package_identification:_identify(.) by extension 'colcon_pkg'
[0.157s] Level 1:colcon.colcon_core.package_identification:_identify(.) by extensions ['colcon_meta']
[0.157s] Level 1:colcon.colcon_core.package_identification:_identify(.) by extension 'colcon_meta'
[0.157s] Level 1:colcon.colcon_core.package_identification:_identify(.) by extensions ['ros']
[0.157s] Level 1:colcon.colcon_core.package_identification:_identify(.) by extension 'ros'
[0.172s] Level 1:colcon.colcon_core.package_identification:_identify(.) by extensions ['cmake', 'python']
[0.173s] Level 1:colcon.colcon_core.package_identification:_identify(.) by extension 'cmake'
[0.173s] Level 1:colcon.colcon_core.package_identification:_identify(.) by extension 'python'
[0.173s] Level 1:colcon.colcon_core.package_identification:_identify(.) by extensions ['python_setup_py']
[0.173s] Level 1:colcon.colcon_core.package_identification:_identify(.) by extension 'python_setup_py'
[0.173s] Level 1:colcon.colcon_core.package_identification:_identify(build) by extensions ['ignore', 'ignore_ament_install']
[0.173s] Level 1:colcon.colcon_core.package_identification:_identify(build) by extension 'ignore'
[0.173s] Level 1:colcon.colcon_core.package_identification:_identify(build) ignored
[0.173s] Level 1:colcon.colcon_core.package_identification:_identify(install) by extensions ['ignore', 'ignore_ament_install']
[0.173s] Level 1:colcon.colcon_core.package_identification:_identify(install) by extension 'ignore'
[0.173s] Level 1:colcon.colcon_core.package_identification:_identify(install) ignored
[0.173s] Level 1:colcon.colcon_core.package_identification:_identify(log) by extensions ['ignore', 'ignore_ament_install']
[0.173s] Level 1:colcon.colcon_core.package_identification:_identify(log) by extension 'ignore'
[0.173s] Level 1:colcon.colcon_core.package_identification:_identify(log) ignored
[0.174s] Level 1:colcon.colcon_core.package_identification:_identify(src) by extensions ['ignore', 'ignore_ament_install']
[0.174s] Level 1:colcon.colcon_core.package_identification:_identify(src) by extension 'ignore'
[0.174s] Level 1:colcon.colcon_core.package_identification:_identify(src) by extension 'ignore_ament_install'
[0.174s] Level 1:colcon.colcon_core.package_identification:_identify(src) by extensions ['colcon_pkg']
[0.174s] Level 1:colcon.colcon_core.package_identification:_identify(src) by extension 'colcon_pkg'
[0.174s] Level 1:colcon.colcon_core.package_identification:_identify(src) by extensions ['colcon_meta']
[0.174s] Level 1:colcon.colcon_core.package_identification:_identify(src) by extension 'colcon_meta'
[0.174s] Level 1:colcon.colcon_core.package_identification:_identify(src) by extensions ['ros']
[0.174s] Level 1:colcon.colcon_core.package_identification:_identify(src) by extension 'ros'
[0.174s] Level 1:colcon.colcon_core.package_identification:_identify(src) by extensions ['cmake', 'python']
[0.174s] Level 1:colcon.colcon_core.package_identification:_identify(src) by extension 'cmake'
[0.174s] Level 1:colcon.colcon_core.package_identification:_identify(src) by extension 'python'
[0.174s] Level 1:colcon.colcon_core.package_identification:_identify(src) by extensions ['python_setup_py']
[0.174s] Level 1:colcon.colcon_core.package_identification:_identify(src) by extension 'python_setup_py'
[0.174s] Level 1:colcon.colcon_core.package_identification:_identify(src/diditrobot) by extensions ['ignore', 'ignore_ament_install']
[0.174s] Level 1:colcon.colcon_core.package_identification:_identify(src/diditrobot) by extension 'ignore'
[0.174s] Level 1:colcon.colcon_core.package_identification:_identify(src/diditrobot) by extension 'ignore_ament_install'
[0.175s] Level 1:colcon.colcon_core.package_identification:_identify(src/diditrobot) by extensions ['colcon_pkg']
[0.175s] Level 1:colcon.colcon_core.package_identification:_identify(src/diditrobot) by extension 'colcon_pkg'
[0.175s] Level 1:colcon.colcon_core.package_identification:_identify(src/diditrobot) by extensions ['colcon_meta']
[0.175s] Level 1:colcon.colcon_core.package_identification:_identify(src/diditrobot) by extension 'colcon_meta'
[0.175s] Level 1:colcon.colcon_core.package_identification:_identify(src/diditrobot) by extensions ['ros']
[0.175s] Level 1:colcon.colcon_core.package_identification:_identify(src/diditrobot) by extension 'ros'
[0.177s] DEBUG:colcon.colcon_core.package_identification:Package 'src/diditrobot' with type 'ros.ament_cmake' and name 'diditrobot'
[0.177s] Level 1:colcon.colcon_core.package_discovery:discover_packages(recursive) using defaults
[0.177s] Level 1:colcon.colcon_core.package_discovery:discover_packages(ignore) discover
[0.177s] Level 1:colcon.colcon_core.package_discovery:discover_packages(ignore) using defaults
[0.177s] Level 1:colcon.colcon_core.package_discovery:discover_packages(path) discover
[0.177s] Level 1:colcon.colcon_core.package_discovery:discover_packages(path) using defaults
[0.198s] Level 1:colcon.colcon_core.package_discovery:discover_packages(prefix_path) check parameters
[0.198s] Level 1:colcon.colcon_core.package_discovery:discover_packages(prefix_path) discover
[0.201s] DEBUG:colcon.colcon_installed_package_information.package_discovery:Found 346 installed packages in /opt/ros/humble
[0.203s] Level 1:colcon.colcon_core.package_discovery:discover_packages(prefix_path) using defaults
[0.249s] Level 5:colcon.colcon_core.verb:set package 'diditrobot' build argument 'cmake_args' from command line to 'None'
[0.249s] Level 5:colcon.colcon_core.verb:set package 'diditrobot' build argument 'cmake_target' from command line to 'None'
[0.249s] Level 5:colcon.colcon_core.verb:set package 'diditrobot' build argument 'cmake_target_skip_unavailable' from command line to 'False'
[0.249s] Level 5:colcon.colcon_core.verb:set package 'diditrobot' build argument 'cmake_clean_cache' from command line to 'False'
[0.249s] Level 5:colcon.colcon_core.verb:set package 'diditrobot' build argument 'cmake_clean_first' from command line to 'False'
[0.249s] Level 5:colcon.colcon_core.verb:set package 'diditrobot' build argument 'cmake_force_configure' from command line to 'False'
[0.249s] Level 5:colcon.colcon_core.verb:set package 'diditrobot' build argument 'ament_cmake_args' from command line to 'None'
[0.249s] Level 5:colcon.colcon_core.verb:set package 'diditrobot' build argument 'catkin_cmake_args' from command line to 'None'
[0.249s] Level 5:colcon.colcon_core.verb:set package 'diditrobot' build argument 'catkin_skip_building_tests' from command line to 'False'
[0.249s] DEBUG:colcon.colcon_core.verb:Building package 'diditrobot' with the following arguments: {'ament_cmake_args': None, 'build_base': '/home/dietrich/delta/build/diditrobot', 'catkin_cmake_args': None, 'catkin_skip_building_tests': False, 'cmake_args': None, 'cmake_clean_cache': False, 'cmake_clean_first': False, 'cmake_force_configure': False, 'cmake_target': None, 'cmake_target_skip_unavailable': False, 'install_base': '/home/dietrich/delta/install/diditrobot', 'merge_install': False, 'path': '/home/dietrich/delta/src/diditrobot', 'symlink_install': False, 'test_result_base': None}
[0.249s] INFO:colcon.colcon_core.executor:Executing jobs using 'parallel' executor
[0.251s] DEBUG:colcon.colcon_parallel_executor.executor.parallel:run_until_complete
[0.251s] INFO:colcon.colcon_ros.task.ament_cmake.build:Building ROS package in '/home/dietrich/delta/src/diditrobot' with build type 'ament_cmake'
[0.251s] INFO:colcon.colcon_cmake.task.cmake.build:Building CMake package in '/home/dietrich/delta/src/diditrobot'
[0.253s] INFO:colcon.colcon_core.plugin_system:Skipping extension 'colcon_core.shell.bat': Not used on non-Windows systems
[0.253s] INFO:colcon.colcon_core.shell:Skip shell extension 'powershell' for command environment: Not usable outside of PowerShell
[0.253s] DEBUG:colcon.colcon_core.shell:Skip shell extension 'dsv' for command environment
[0.264s] DEBUG:colcon.colcon_core.event_handler.log_command:Invoking command in '/home/dietrich/delta/build/diditrobot': CMAKE_PREFIX_PATH=/opt/ros/humble /usr/bin/cmake --build /home/dietrich/delta/build/diditrobot -- -j16 -l16
[0.315s] DEBUG:colcon.colcon_core.event_handler.log_command:Invoked command in '/home/dietrich/delta/build/diditrobot' returned '0': CMAKE_PREFIX_PATH=/opt/ros/humble /usr/bin/cmake --build /home/dietrich/delta/build/diditrobot -- -j16 -l16
[0.328s] DEBUG:colcon.colcon_core.event_handler.log_command:Invoking command in '/home/dietrich/delta/build/diditrobot': CMAKE_PREFIX_PATH=/opt/ros/humble /usr/bin/cmake --install /home/dietrich/delta/build/diditrobot
[0.339s] Level 1:colcon.colcon_core.environment:create_environment_scripts_only(diditrobot)
[0.340s] DEBUG:colcon.colcon_core.event_handler.log_command:Invoked command in '/home/dietrich/delta/build/diditrobot' returned '0': CMAKE_PREFIX_PATH=/opt/ros/humble /usr/bin/cmake --install /home/dietrich/delta/build/diditrobot
[0.342s] Level 1:colcon.colcon_core.environment:checking '/home/dietrich/delta/install/diditrobot' for CMake module files
[0.343s] Level 1:colcon.colcon_core.environment:checking '/home/dietrich/delta/install/diditrobot' for CMake config files
[0.343s] Level 1:colcon.colcon_core.shell:create_environment_hook('diditrobot', 'cmake_prefix_path')
[0.343s] INFO:colcon.colcon_core.shell:Creating environment hook '/home/dietrich/delta/install/diditrobot/share/diditrobot/hook/cmake_prefix_path.ps1'
[0.344s] INFO:colcon.colcon_core.shell:Creating environment descriptor '/home/dietrich/delta/install/diditrobot/share/diditrobot/hook/cmake_prefix_path.dsv'
[0.344s] INFO:colcon.colcon_core.shell:Creating environment hook '/home/dietrich/delta/install/diditrobot/share/diditrobot/hook/cmake_prefix_path.sh'
[0.345s] Level 1:colcon.colcon_core.environment:checking '/home/dietrich/delta/install/diditrobot/bin'
[0.345s] Level 1:colcon.colcon_core.environment:checking '/home/dietrich/delta/install/diditrobot/lib/pkgconfig/diditrobot.pc'
[0.345s] Level 1:colcon.colcon_core.environment:checking '/home/dietrich/delta/install/diditrobot/lib/python3.10/site-packages'
[0.346s] Level 1:colcon.colcon_core.environment:checking '/home/dietrich/delta/install/diditrobot/bin'
[0.346s] INFO:colcon.colcon_core.shell:Creating package script '/home/dietrich/delta/install/diditrobot/share/diditrobot/package.ps1'
[0.347s] INFO:colcon.colcon_core.shell:Creating package descriptor '/home/dietrich/delta/install/diditrobot/share/diditrobot/package.dsv'
[0.347s] INFO:colcon.colcon_core.shell:Creating package script '/home/dietrich/delta/install/diditrobot/share/diditrobot/package.sh'
[0.348s] INFO:colcon.colcon_core.shell:Creating package script '/home/dietrich/delta/install/diditrobot/share/diditrobot/package.bash'
[0.349s] INFO:colcon.colcon_core.shell:Creating package script '/home/dietrich/delta/install/diditrobot/share/diditrobot/package.zsh'
[0.349s] Level 1:colcon.colcon_core.environment:create_file_with_runtime_dependencies(/home/dietrich/delta/install/diditrobot/share/colcon-core/packages/diditrobot)
[0.350s] Level 1:colcon.colcon_core.environment:create_environment_scripts_only(diditrobot)
[0.350s] Level 1:colcon.colcon_core.environment:checking '/home/dietrich/delta/install/diditrobot' for CMake module files
[0.351s] Level 1:colcon.colcon_core.environment:checking '/home/dietrich/delta/install/diditrobot' for CMake config files
[0.351s] Level 1:colcon.colcon_core.shell:create_environment_hook('diditrobot', 'cmake_prefix_path')
[0.351s] INFO:colcon.colcon_core.shell:Creating environment hook '/home/dietrich/delta/install/diditrobot/share/diditrobot/hook/cmake_prefix_path.ps1'
[0.352s] INFO:colcon.colcon_core.shell:Creating environment descriptor '/home/dietrich/delta/install/diditrobot/share/diditrobot/hook/cmake_prefix_path.dsv'
[0.352s] INFO:colcon.colcon_core.shell:Creating environment hook '/home/dietrich/delta/install/diditrobot/share/diditrobot/hook/cmake_prefix_path.sh'
[0.353s] Level 1:colcon.colcon_core.environment:checking '/home/dietrich/delta/install/diditrobot/bin'
[0.353s] Level 1:colcon.colcon_core.environment:checking '/home/dietrich/delta/install/diditrobot/lib/pkgconfig/diditrobot.pc'
[0.353s] Level 1:colcon.colcon_core.environment:checking '/home/dietrich/delta/install/diditrobot/lib/python3.10/site-packages'
[0.353s] Level 1:colcon.colcon_core.environment:checking '/home/dietrich/delta/install/diditrobot/bin'
[0.354s] INFO:colcon.colcon_core.shell:Creating package script '/home/dietrich/delta/install/diditrobot/share/diditrobot/package.ps1'
[0.354s] INFO:colcon.colcon_core.shell:Creating package descriptor '/home/dietrich/delta/install/diditrobot/share/diditrobot/package.dsv'
[0.355s] INFO:colcon.colcon_core.shell:Creating package script '/home/dietrich/delta/install/diditrobot/share/diditrobot/package.sh'
[0.355s] INFO:colcon.colcon_core.shell:Creating package script '/home/dietrich/delta/install/diditrobot/share/diditrobot/package.bash'
[0.356s] INFO:colcon.colcon_core.shell:Creating package script '/home/dietrich/delta/install/diditrobot/share/diditrobot/package.zsh'
[0.356s] Level 1:colcon.colcon_core.environment:create_file_with_runtime_dependencies(/home/dietrich/delta/install/diditrobot/share/colcon-core/packages/diditrobot)
[0.356s] DEBUG:colcon.colcon_parallel_executor.executor.parallel:closing loop
[0.356s] DEBUG:colcon.colcon_parallel_executor.executor.parallel:loop closed
[0.357s] DEBUG:colcon.colcon_parallel_executor.executor.parallel:run_until_complete finished with '0'
[0.357s] DEBUG:colcon.colcon_core.event_reactor:joining thread
[0.362s] INFO:colcon.colcon_core.plugin_system:Skipping extension 'colcon_notification.desktop_notification.terminal_notifier': Not used on non-Darwin systems
[0.363s] INFO:colcon.colcon_core.plugin_system:Skipping extension 'colcon_notification.desktop_notification.win32': Not used on non-Windows systems
[0.363s] INFO:colcon.colcon_notification.desktop_notification:Sending desktop notification using 'notify2'
[0.375s] DEBUG:colcon.colcon_core.event_reactor:joined thread
[0.376s] INFO:colcon.colcon_core.shell:Creating prefix script '/home/dietrich/delta/install/local_setup.ps1'
[0.377s] INFO:colcon.colcon_core.shell:Creating prefix util module '/home/dietrich/delta/install/_local_setup_util_ps1.py'
[0.378s] INFO:colcon.colcon_core.shell:Creating prefix chain script '/home/dietrich/delta/install/setup.ps1'
[0.379s] INFO:colcon.colcon_core.shell:Creating prefix script '/home/dietrich/delta/install/local_setup.sh'
[0.380s] INFO:colcon.colcon_core.shell:Creating prefix util module '/home/dietrich/delta/install/_local_setup_util_sh.py'
[0.381s] INFO:colcon.colcon_core.shell:Creating prefix chain script '/home/dietrich/delta/install/setup.sh'
[0.381s] INFO:colcon.colcon_core.shell:Creating prefix script '/home/dietrich/delta/install/local_setup.bash'
[0.382s] INFO:colcon.colcon_core.shell:Creating prefix chain script '/home/dietrich/delta/install/setup.bash'
[0.383s] INFO:colcon.colcon_core.shell:Creating prefix script '/home/dietrich/delta/install/local_setup.zsh'
[0.384s] INFO:colcon.colcon_core.shell:Creating prefix chain script '/home/dietrich/delta/install/setup.zsh'
