[0.013s] Invoking command in '/home/dietrich/delta/build/diditrobot': CMAKE_PREFIX_PATH=/opt/ros/humble /usr/bin/cmake /home/dietrich/delta/src/diditrobot -DCMAKE_INSTALL_PREFIX=/home/dietrich/delta/install/diditrobot
[0.088s] -- The C compiler identification is GNU 11.4.0
[0.160s] -- The CXX compiler identification is GNU 11.4.0
[0.170s] -- Detecting C compiler ABI info
[0.265s] -- Detecting C compiler ABI info - done
[0.273s] -- Check for working C compiler: /usr/bin/cc - skipped
[0.274s] -- Detecting C compile features
[0.274s] -- Detecting C compile features - done
[0.278s] -- Detecting CXX compiler ABI info
[0.391s] -- Detecting CXX compiler ABI info - done
[0.400s] -- Check for working CXX compiler: /usr/bin/c++ - skipped
[0.400s] -- Detecting CXX compile features
[0.400s] -- Detecting CXX compile features - done
[0.404s] -- Found ament_cmake: 1.3.11 (/opt/ros/humble/share/ament_cmake/cmake)
[0.851s] -- Found Python3: /usr/bin/python3 (found version "3.10.12") found components: Interpreter 
[0.987s] -- Found gazebo_ros: 3.7.0 (/opt/ros/humble/share/gazebo_ros/cmake)
[1.046s] -- Found rosidl_generator_c: 3.1.6 (/opt/ros/humble/share/rosidl_generator_c/cmake)
[1.053s] -- Found rosidl_adapter: 3.1.6 (/opt/ros/humble/share/rosidl_adapter/cmake)
[1.063s] -- Found rosidl_generator_cpp: 3.1.6 (/opt/ros/humble/share/rosidl_generator_cpp/cmake)
[1.078s] -- Using all available rosidl_typesupport_c: rosidl_typesupport_fastrtps_c;rosidl_typesupport_introspection_c
[1.098s] -- Using all available rosidl_typesupport_cpp: rosidl_typesupport_fastrtps_cpp;rosidl_typesupport_introspection_cpp
[1.151s] -- Found rmw_implementation_cmake: 6.1.2 (/opt/ros/humble/share/rmw_implementation_cmake/cmake)
[1.154s] -- Found rmw_fastrtps_cpp: 6.2.7 (/opt/ros/humble/share/rmw_fastrtps_cpp/cmake)
[1.272s] -- Found OpenSSL: /usr/lib/x86_64-linux-gnu/libcrypto.so (found version "3.0.2")  
[1.309s] -- Found FastRTPS: /opt/ros/humble/include  
[1.366s] -- Using RMW implementation 'rmw_fastrtps_cpp' as default
[1.376s] -- Looking for pthread.h
[1.479s] -- Looking for pthread.h - found
[1.479s] -- Performing Test CMAKE_HAVE_LIBC_PTHREAD
[1.578s] -- Performing Test CMAKE_HAVE_LIBC_PTHREAD - Success
[1.579s] -- Found Threads: TRUE  
[1.651s] -- Found PkgConfig: /usr/bin/pkg-config (found version "0.29.2") 
[1.653s] -- Checking for module 'bullet>=2.82'
[1.671s] --   Found bullet, version 3.05
[1.823s] -- Found fcl: /usr/include (found suitable version "0.7.0", minimum required is "0.5.0") 
[1.899s] -- Found assimp: /usr/include (found version "5.2.0") 
[1.922s] -- Found DART: /usr/include (Required is at least version "6.6") found components: dart 
[1.958s] -- Found Boost: /usr/lib/x86_64-linux-gnu/cmake/Boost-1.74.0/BoostConfig.cmake (found suitable version "1.74.0", minimum required is "1.40.0") found components: thread system filesystem program_options regex iostreams date_time 
[1.977s] -- Found Protobuf: /usr/lib/x86_64-linux-gnu/libprotobuf.so (found version "3.12.4") 
[1.983s] -- Looking for ignition-math6 -- found version 6.15.1
[1.990s] -- Searching for dependencies of ignition-math6
[1.992s] -- Looking for OGRE...
[1.992s] -- OGRE_PREFIX_WATCH changed.
[1.999s] -- Checking for module 'OGRE'
[2.019s] --   Found OGRE, version 1.9.0
[2.072s] -- Found Ogre Ghadamon (1.9.0)
[2.079s] -- Found OGRE: optimized;/usr/lib/x86_64-linux-gnu/libOgreMain.so;debug;/usr/lib/x86_64-linux-gnu/libOgreMain.so
[2.091s] -- Looking for OGRE_Paging...
[2.098s] -- Found OGRE_Paging: optimized;/usr/lib/x86_64-linux-gnu/libOgrePaging.so;debug;/usr/lib/x86_64-linux-gnu/libOgrePaging.so
[2.098s] -- Looking for OGRE_Terrain...
[2.103s] -- Found OGRE_Terrain: optimized;/usr/lib/x86_64-linux-gnu/libOgreTerrain.so;debug;/usr/lib/x86_64-linux-gnu/libOgreTerrain.so
[2.104s] -- Looking for OGRE_Property...
[2.109s] -- Found OGRE_Property: optimized;/usr/lib/x86_64-linux-gnu/libOgreProperty.so;debug;/usr/lib/x86_64-linux-gnu/libOgreProperty.so
[2.109s] -- Looking for OGRE_RTShaderSystem...
[2.115s] -- Found OGRE_RTShaderSystem: optimized;/usr/lib/x86_64-linux-gnu/libOgreRTShaderSystem.so;debug;/usr/lib/x86_64-linux-gnu/libOgreRTShaderSystem.so
[2.115s] -- Looking for OGRE_Volume...
[2.121s] -- Found OGRE_Volume: optimized;/usr/lib/x86_64-linux-gnu/libOgreVolume.so;debug;/usr/lib/x86_64-linux-gnu/libOgreVolume.so
[2.121s] -- Looking for OGRE_Overlay...
[2.126s] -- Found OGRE_Overlay: optimized;/usr/lib/x86_64-linux-gnu/libOgreOverlay.so;debug;/usr/lib/x86_64-linux-gnu/libOgreOverlay.so
[2.244s] -- Looking for ignition-math6 -- found version 6.15.1
[2.246s] -- Looking for ignition-transport8 -- found version 8.2.1
[2.247s] -- Searching for dependencies of ignition-transport8
[2.271s] -- Found Protobuf: /usr/lib/x86_64-linux-gnu/libprotobuf.so (found suitable version "3.12.4", minimum required is "3") 
[2.286s] -- Config-file not installed for ZeroMQ -- checking for pkg-config
[2.292s] -- Checking for module 'libzmq >= 4'
[2.311s] --   Found libzmq , version 4.3.4
[2.367s] -- Found ZeroMQ: TRUE (Required is at least version "4") 
[2.374s] -- Checking for module 'uuid'
[2.392s] --   Found uuid, version 2.37.2
[2.442s] -- Found UUID: TRUE  
[2.445s] -- Looking for ignition-msgs5 -- found version 5.8.1
[2.445s] -- Searching for dependencies of ignition-msgs5
[2.471s] -- Looking for ignition-math6 -- found version 6.15.1
[2.479s] -- Checking for module 'tinyxml2'
[2.498s] --   Found tinyxml2, version 9.0.0
[2.552s] -- Looking for ignition-msgs5 -- found version 5.8.1
[2.555s] -- Looking for ignition-common3 -- found version 3.14.0
[2.555s] -- Searching for dependencies of ignition-common3
[2.555s] -- Looking for dlfcn.h - found
[2.557s] -- Looking for libdl - found
[2.558s] -- Found DL: TRUE  
[2.574s] -- Found tinyobjloader: /usr/lib/x86_64-linux-gnu/cmake/tinyobjloader/tinyobjloader-config.cmake (found version "2.0.0") 
[2.574s] -- Searching for <ignition-common3> component [graphics]
[2.577s] -- Looking for ignition-common3-graphics -- found version 3.14.0
[2.577s] -- Searching for dependencies of ignition-common3-graphics
[2.578s] -- Looking for ignition-math6 -- found version 6.15.1
[2.581s] -- Looking for ignition-fuel_tools4 -- found version 4.4.0
[2.582s] -- Searching for dependencies of ignition-fuel_tools4
[2.693s] -- Found CURL: /usr/lib/x86_64-linux-gnu/libcurl.so (found version "7.81.0")  
[2.704s] -- Checking for module 'jsoncpp'
[2.723s] --   Found jsoncpp, version 1.9.5
[2.775s] -- Found JSONCPP: TRUE  
[2.782s] -- Checking for module 'libzip'
[2.800s] --   Found libzip, version 1.7.3
[2.851s] -- Found ZIP: TRUE  
[2.852s] -- Looking for ignition-common3 -- found version 3.14.0
[2.852s] -- Looking for ignition-math6 -- found version 6.15.1
[2.853s] -- Looking for ignition-msgs5 -- found version 5.8.1
[2.857s] -- Gazebo version: 11.10
[2.857s] -- Checking for module 'tbb'
[2.877s] --   Found tbb, version 2021.5.0
[2.928s] -- Found ament_lint_auto: 0.12.11 (/opt/ros/humble/share/ament_lint_auto/cmake)
[3.025s] -- Added test 'copyright' to check source files copyright and LICENSE
[3.030s] -- Added test 'flake8' to check Python code syntax and style conventions
[3.031s] -- Added test 'lint_cmake' to check CMake code style
[3.032s] -- Added test 'pep257' to check Python code against some of the docstring style conventions in PEP 257
[3.034s] -- Added test 'xmllint' to check XML markup files
[3.036s] -- Configuring done
[3.044s] -- Generating done
[3.047s] -- Build files have been written to: /home/dietrich/delta/build/diditrobot
[3.062s] Invoked command in '/home/dietrich/delta/build/diditrobot' returned '0': CMAKE_PREFIX_PATH=/opt/ros/humble /usr/bin/cmake /home/dietrich/delta/src/diditrobot -DCMAKE_INSTALL_PREFIX=/home/dietrich/delta/install/diditrobot
[3.065s] Invoking command in '/home/dietrich/delta/build/diditrobot': CMAKE_PREFIX_PATH=/opt/ros/humble /usr/bin/cmake --build /home/dietrich/delta/build/diditrobot -- -j16 -l16
[3.120s] Invoked command in '/home/dietrich/delta/build/diditrobot' returned '0': CMAKE_PREFIX_PATH=/opt/ros/humble /usr/bin/cmake --build /home/dietrich/delta/build/diditrobot -- -j16 -l16
[3.134s] Invoking command in '/home/dietrich/delta/build/diditrobot': CMAKE_PREFIX_PATH=/opt/ros/humble /usr/bin/cmake --install /home/dietrich/delta/build/diditrobot
[3.142s] -- Install configuration: ""
[3.142s] -- Installing: /home/dietrich/delta/install/diditrobot/share/diditrobot/config
[3.143s] -- Installing: /home/dietrich/delta/install/diditrobot/share/diditrobot/config/empty.yaml
[3.143s] -- Installing: /home/dietrich/delta/install/diditrobot/share/diditrobot/meshes
[3.143s] -- Installing: /home/dietrich/delta/install/diditrobot/share/diditrobot/meshes/motor1_Link.STL
[3.143s] -- Installing: /home/dietrich/delta/install/diditrobot/share/diditrobot/meshes/motor2_Link.STL
[3.143s] -- Installing: /home/dietrich/delta/install/diditrobot/share/diditrobot/meshes/wheel1_Link.STL
[3.144s] -- Installing: /home/dietrich/delta/install/diditrobot/share/diditrobot/meshes/motor4_Link.STL
[3.144s] -- Installing: /home/dietrich/delta/install/diditrobot/share/diditrobot/meshes/wheel4_Link.STL
[3.144s] -- Installing: /home/dietrich/delta/install/diditrobot/share/diditrobot/meshes/tire2_Link.STL
[3.145s] -- Installing: /home/dietrich/delta/install/diditrobot/share/diditrobot/meshes/wheel3_Link.STL
[3.145s] -- Installing: /home/dietrich/delta/install/diditrobot/share/diditrobot/meshes/tire3_Link.STL
[3.145s] -- Installing: /home/dietrich/delta/install/diditrobot/share/diditrobot/meshes/tire1_Link.STL
[3.146s] -- Installing: /home/dietrich/delta/install/diditrobot/share/diditrobot/meshes/motor3_Link.STL
[3.146s] -- Installing: /home/dietrich/delta/install/diditrobot/share/diditrobot/meshes/chassis_link.STL
[3.146s] -- Installing: /home/dietrich/delta/install/diditrobot/share/diditrobot/meshes/tire4_Link.STL
[3.147s] -- Installing: /home/dietrich/delta/install/diditrobot/share/diditrobot/meshes/wheel2_Link.STL
[3.147s] -- Installing: /home/dietrich/delta/install/diditrobot/share/diditrobot/worlds
[3.147s] -- Installing: /home/dietrich/delta/install/diditrobot/share/diditrobot/worlds/empty.world
[3.147s] -- Installing: /home/dietrich/delta/install/diditrobot/share/diditrobot/description
[3.148s] -- Installing: /home/dietrich/delta/install/diditrobot/share/diditrobot/description/robot.urdf.xacro
[3.148s] -- Installing: /home/dietrich/delta/install/diditrobot/share/diditrobot/description/gazebo_control.xacro
[3.148s] -- Installing: /home/dietrich/delta/install/diditrobot/share/diditrobot/description/robot_core_lr.xacro
[3.148s] -- Installing: /home/dietrich/delta/install/diditrobot/share/diditrobot/description/inertial_macros.xacro
[3.148s] -- Installing: /home/dietrich/delta/install/diditrobot/share/diditrobot/description/robot_core_hr.xacro
[3.148s] -- Installing: /home/dietrich/delta/install/diditrobot/share/diditrobot/img
[3.149s] -- Installing: /home/dietrich/delta/install/diditrobot/share/diditrobot/img/hr_model.png
[3.149s] -- Installing: /home/dietrich/delta/install/diditrobot/share/diditrobot/img/lr_model.png
[3.149s] -- Installing: /home/dietrich/delta/install/diditrobot/share/diditrobot/launch
[3.149s] -- Installing: /home/dietrich/delta/install/diditrobot/share/diditrobot/launch/launch_sim.launch.py
[3.150s] -- Installing: /home/dietrich/delta/install/diditrobot/share/diditrobot/launch/rsp.launch.py
[3.150s] -- Installing: /home/dietrich/delta/install/diditrobot/share/ament_index/resource_index/package_run_dependencies/diditrobot
[3.150s] -- Installing: /home/dietrich/delta/install/diditrobot/share/ament_index/resource_index/parent_prefix_path/diditrobot
[3.150s] -- Installing: /home/dietrich/delta/install/diditrobot/share/diditrobot/environment/ament_prefix_path.sh
[3.151s] -- Installing: /home/dietrich/delta/install/diditrobot/share/diditrobot/environment/ament_prefix_path.dsv
[3.151s] -- Installing: /home/dietrich/delta/install/diditrobot/share/diditrobot/environment/path.sh
[3.151s] -- Installing: /home/dietrich/delta/install/diditrobot/share/diditrobot/environment/path.dsv
[3.151s] -- Installing: /home/dietrich/delta/install/diditrobot/share/diditrobot/local_setup.bash
[3.152s] -- Installing: /home/dietrich/delta/install/diditrobot/share/diditrobot/local_setup.sh
[3.152s] -- Installing: /home/dietrich/delta/install/diditrobot/share/diditrobot/local_setup.zsh
[3.152s] -- Installing: /home/dietrich/delta/install/diditrobot/share/diditrobot/local_setup.dsv
[3.152s] -- Installing: /home/dietrich/delta/install/diditrobot/share/diditrobot/package.dsv
[3.152s] -- Installing: /home/dietrich/delta/install/diditrobot/share/ament_index/resource_index/packages/diditrobot
[3.153s] -- Installing: /home/dietrich/delta/install/diditrobot/share/diditrobot/cmake/diditrobotConfig.cmake
[3.153s] -- Installing: /home/dietrich/delta/install/diditrobot/share/diditrobot/cmake/diditrobotConfig-version.cmake
[3.153s] -- Installing: /home/dietrich/delta/install/diditrobot/share/diditrobot/package.xml
[3.156s] Invoked command in '/home/dietrich/delta/build/diditrobot' returned '0': CMAKE_PREFIX_PATH=/opt/ros/humble /usr/bin/cmake --install /home/dietrich/delta/build/diditrobot
