-- Install configuration: ""
-- Up-to-date: /home/dietrich/delta/install/diditrobot/share/diditrobot/config
-- Up-to-date: /home/dietrich/delta/install/diditrobot/share/diditrobot/config/empty.yaml
-- Up-to-date: /home/dietrich/delta/install/diditrobot/share/diditrobot/meshes
-- Up-to-date: /home/dietrich/delta/install/diditrobot/share/diditrobot/meshes/motor1_Link.STL
-- Up-to-date: /home/dietrich/delta/install/diditrobot/share/diditrobot/meshes/motor2_Link.STL
-- Up-to-date: /home/dietrich/delta/install/diditrobot/share/diditrobot/meshes/wheel1_Link.STL
-- Up-to-date: /home/dietrich/delta/install/diditrobot/share/diditrobot/meshes/motor4_Link.STL
-- Up-to-date: /home/dietrich/delta/install/diditrobot/share/diditrobot/meshes/wheel4_Link.STL
-- Up-to-date: /home/dietrich/delta/install/diditrobot/share/diditrobot/meshes/tire2_Link.STL
-- Up-to-date: /home/dietrich/delta/install/diditrobot/share/diditrobot/meshes/wheel3_Link.STL
-- Up-to-date: /home/dietrich/delta/install/diditrobot/share/diditrobot/meshes/tire3_Link.STL
-- Up-to-date: /home/dietrich/delta/install/diditrobot/share/diditrobot/meshes/tire1_Link.STL
-- Up-to-date: /home/dietrich/delta/install/diditrobot/share/diditrobot/meshes/motor3_Link.STL
-- Up-to-date: /home/dietrich/delta/install/diditrobot/share/diditrobot/meshes/chassis_link.STL
-- Up-to-date: /home/dietrich/delta/install/diditrobot/share/diditrobot/meshes/tire4_Link.STL
-- Up-to-date: /home/dietrich/delta/install/diditrobot/share/diditrobot/meshes/wheel2_Link.STL
-- Up-to-date: /home/dietrich/delta/install/diditrobot/share/diditrobot/worlds
-- Up-to-date: /home/dietrich/delta/install/diditrobot/share/diditrobot/worlds/empty.world
-- Up-to-date: /home/dietrich/delta/install/diditrobot/share/diditrobot/description
-- Up-to-date: /home/dietrich/delta/install/diditrobot/share/diditrobot/description/robot.urdf.xacro
-- Up-to-date: /home/dietrich/delta/install/diditrobot/share/diditrobot/description/gazebo_control.xacro
-- Up-to-date: /home/dietrich/delta/install/diditrobot/share/diditrobot/description/robot_core_lr.xacro
-- Up-to-date: /home/dietrich/delta/install/diditrobot/share/diditrobot/description/inertial_macros.xacro
-- Up-to-date: /home/dietrich/delta/install/diditrobot/share/diditrobot/description/robot_core_hr.xacro
-- Up-to-date: /home/dietrich/delta/install/diditrobot/share/diditrobot/img
-- Up-to-date: /home/dietrich/delta/install/diditrobot/share/diditrobot/img/hr_model.png
-- Up-to-date: /home/dietrich/delta/install/diditrobot/share/diditrobot/img/lr_model.png
-- Up-to-date: /home/dietrich/delta/install/diditrobot/share/diditrobot/launch
-- Up-to-date: /home/dietrich/delta/install/diditrobot/share/diditrobot/launch/launch_sim.launch.py
-- Up-to-date: /home/dietrich/delta/install/diditrobot/share/diditrobot/launch/rsp.launch.py
-- Up-to-date: /home/dietrich/delta/install/diditrobot/share/ament_index/resource_index/package_run_dependencies/diditrobot
-- Up-to-date: /home/dietrich/delta/install/diditrobot/share/ament_index/resource_index/parent_prefix_path/diditrobot
-- Up-to-date: /home/dietrich/delta/install/diditrobot/share/diditrobot/environment/ament_prefix_path.sh
-- Up-to-date: /home/dietrich/delta/install/diditrobot/share/diditrobot/environment/ament_prefix_path.dsv
-- Up-to-date: /home/dietrich/delta/install/diditrobot/share/diditrobot/environment/path.sh
-- Up-to-date: /home/dietrich/delta/install/diditrobot/share/diditrobot/environment/path.dsv
-- Up-to-date: /home/dietrich/delta/install/diditrobot/share/diditrobot/local_setup.bash
-- Up-to-date: /home/dietrich/delta/install/diditrobot/share/diditrobot/local_setup.sh
-- Up-to-date: /home/dietrich/delta/install/diditrobot/share/diditrobot/local_setup.zsh
-- Up-to-date: /home/dietrich/delta/install/diditrobot/share/diditrobot/local_setup.dsv
-- Installing: /home/dietrich/delta/install/diditrobot/share/diditrobot/package.dsv
-- Up-to-date: /home/dietrich/delta/install/diditrobot/share/ament_index/resource_index/packages/diditrobot
-- Up-to-date: /home/dietrich/delta/install/diditrobot/share/diditrobot/cmake/diditrobotConfig.cmake
-- Up-to-date: /home/dietrich/delta/install/diditrobot/share/diditrobot/cmake/diditrobotConfig-version.cmake
-- Up-to-date: /home/dietrich/delta/install/diditrobot/share/diditrobot/package.xml
